<?xml version="1.0" encoding="UTF-8"?>
<testng-results ignored="0" total="1" passed="1" failed="0" skipped="0">
  <reporter-output>
  </reporter-output>
  <suite started-at="2023-04-13T11:23:00 IST" name="Default suite" finished-at="2023-04-13T11:23:00 IST" duration-ms="80">
    <groups>
    </groups>
    <test started-at="2023-04-13T11:23:00 IST" name="Default test" finished-at="2023-04-13T11:23:00 IST" duration-ms="80">
      <class name="sample.Demo">
        <test-method signature="demo()[pri:0, instance:sample.Demo@419c5f1a]" started-at="2023-04-13T11:23:00 IST" name="demo" finished-at="2023-04-13T11:23:00 IST" duration-ms="10" status="PASS">
          <reporter-output>
          </reporter-output>
        </test-method> <!-- demo -->
      </class> <!-- sample.Demo -->
    </test> <!-- Default test -->
  </suite> <!-- Default suite -->
</testng-results>
